<?xml version="1.0" encoding="UTF-8"?>
<!-- Generated by org.testng.reporters.JUnitXMLReporter -->
<testsuite ignored="0" hostname="NANDY" failures="0" tests="6" name="Test" time="29.836" errors="0" timestamp="2022-08-30T14:57:51 IST">
  <testcase classname="listeners.TestNGListenerDemo" name="test1" time="0.019"/>
  <testcase classname="listeners.TestNGListenerDemo" name="test2" time="29.728"/>
  <testcase classname="listeners.TestNGListenerDemo" name="test3" time="0.003">
    <skipped/>
  </testcase> <!-- test3 -->
  <testcase classname="listeners.TestNGListenerDemo2" name="test4" time="0.004"/>
  <testcase classname="listeners.TestNGListenerDemo2" name="test5" time="0.003"/>
  <testcase classname="listeners.TestNGListenerDemo2" name="test6" time="0.001">
    <skipped/>
  </testcase> <!-- test6 -->
</testsuite> <!-- Test -->
