<?xml version="1.0" encoding="UTF-8"?>
<testng-results ignored="0" total="1" passed="1" failed="0" skipped="0">
  <reporter-output>
  </reporter-output>
  <suite started-at="2022-08-31T12:19:22 IST" name="Default suite" finished-at="2022-08-31T12:20:20 IST" duration-ms="58163">
    <groups>
    </groups>
    <test started-at="2022-08-31T12:19:22 IST" name="Default test" finished-at="2022-08-31T12:20:20 IST" duration-ms="58163">
      <class name="katalonrecorder.UntitledTestCase">
        <test-method is-config="true" signature="setUp()[pri:0, instance:katalonrecorder.UntitledTestCase@5c6648b0]" started-at="2022-08-31T12:19:22 IST" name="setUp" finished-at="2022-08-31T12:19:33 IST" duration-ms="11166" status="PASS">
          <reporter-output>
          </reporter-output>
        </test-method> <!-- setUp -->
        <test-method signature="testUntitledTestCase()[pri:0, instance:katalonrecorder.UntitledTestCase@5c6648b0]" started-at="2022-08-31T12:19:33 IST" name="testUntitledTestCase" finished-at="2022-08-31T12:20:18 IST" duration-ms="45246" status="PASS">
          <reporter-output>
          </reporter-output>
        </test-method> <!-- testUntitledTestCase -->
        <test-method is-config="true" signature="tearDown()[pri:0, instance:katalonrecorder.UntitledTestCase@5c6648b0]" started-at="2022-08-31T12:20:18 IST" name="tearDown" finished-at="2022-08-31T12:20:20 IST" duration-ms="1681" status="PASS">
          <reporter-output>
          </reporter-output>
        </test-method> <!-- tearDown -->
      </class> <!-- katalonrecorder.UntitledTestCase -->
    </test> <!-- Default test -->
  </suite> <!-- Default suite -->
</testng-results>
