<?xml version="1.0" encoding="UTF-8"?>
<!-- Generated by org.testng.reporters.JUnitXMLReporter -->
<testsuite ignored="1" hostname="NANDY" failures="1" tests="2" name="Default test(failed)" time="0.086" errors="0" timestamp="2022-08-30T17:05:07 IST">
  <testcase classname="TestNGDependencies.TestNGDependencyDemo" name="test2" time="0.016">
    <failure type="java.lang.ArithmeticException" message="/ by zero">
      <![CDATA[java.lang.ArithmeticException: / by zero
at TestNGDependencies.TestNGDependencyDemo.test2(TestNGDependencyDemo.java:15)
at java.base/java.util.ArrayList.forEach(ArrayList.java:1511)
... Removed 25 stack frames]]>
    </failure>
  </testcase> <!-- test2 -->
  <testcase classname="TestNGDependencies.TestNGDependencyDemo" name="test1" time="0.0">
    <skipped/>
  </testcase> <!-- test1 -->
  <testcase classname="TestNGDependencies.TestNGDependencyDemo" name="test3" time="0.0">
    <ignored/>
  </testcase> <!-- test3 -->
</testsuite> <!-- Default test(failed) -->
